<?xml version="1.0" encoding="UTF-8"?>
<!-- Generated by org.testng.reporters.JUnitReportReporter -->
<testsuite skipped="0" hostname="SATHEZ-PC" name="datadrivenExcel.Login" tests="4" failures="0" timestamp="22 Jul 2020 17:32:41 GMT" time="92.673" errors="0">
  <testcase name="loginwithbothcorrect" time="10.605" classname="datadrivenExcel.Login"/>
  <testcase name="loginwithbothcorrect" time="11.200" classname="datadrivenExcel.Login"/>
  <testcase name="loginwithbothcorrect" time="60.409" classname="datadrivenExcel.Login"/>
  <testcase name="loginwithbothcorrect" time="10.459" classname="datadrivenExcel.Login"/>
</testsuite> <!-- datadrivenExcel.Login -->
